0 info it worked if it ends with ok
1 verbose cli [ '/usr/bin/node', '/usr/bin/npm', 'start' ]
2 info using npm@2.14.9
3 info using node@v0.12.8
4 verbose node symlink /usr/bin/node
5 verbose config Skipping project config: /home/george/.npmrc. (matches userconfig)
6 verbose stack Error: ENOENT, open '/home/george/package.json'
6 verbose stack     at Error (native)
7 verbose cwd /home/george/Dev/Angular.js/Angular2/display_data
8 error Linux 3.16.0-4-amd64
9 error argv "/usr/bin/node" "/usr/bin/npm" "start"
10 error node v0.12.8
11 error npm  v2.14.9
12 error path /home/george/package.json
13 error code ENOENT
14 error errno -2
15 error enoent ENOENT, open '/home/george/package.json'
15 error enoent This is most likely not a problem with npm itself
15 error enoent and is related to npm not being able to find a file.
16 verbose exit [ -2, true ]
