0 info it worked if it ends with ok
1 verbose cli [ '/usr/bin/node', '/usr/bin/npm', 'run', 'lite' ]
2 info using npm@2.14.9
3 info using node@v0.12.8
4 verbose node symlink /usr/bin/node
5 verbose run-script [ 'prelite', 'lite', 'postlite' ]
6 info prelite angular2-quickstart@1.0.0
7 info lite angular2-quickstart@1.0.0
8 verbose unsafe-perm in lifecycle true
9 info angular2-quickstart@1.0.0 Failed to exec lite script
10 verbose stack Error: angular2-quickstart@1.0.0 lite: `lite-server`
10 verbose stack Exit status 1
10 verbose stack     at EventEmitter.<anonymous> (/usr/lib/node_modules/npm/lib/utils/lifecycle.js:214:16)
10 verbose stack     at EventEmitter.emit (events.js:110:17)
10 verbose stack     at ChildProcess.<anonymous> (/usr/lib/node_modules/npm/lib/utils/spawn.js:24:14)
10 verbose stack     at ChildProcess.emit (events.js:110:17)
10 verbose stack     at maybeClose (child_process.js:1016:16)
10 verbose stack     at Process.ChildProcess._handle.onexit (child_process.js:1088:5)
11 verbose pkgid angular2-quickstart@1.0.0
12 verbose cwd /home/george/Dev/Angular.js/Angular2/angular2-quickstart
13 error Linux 3.16.0-4-amd64
14 error argv "/usr/bin/node" "/usr/bin/npm" "run" "lite"
15 error node v0.12.8
16 error npm  v2.14.9
17 error code ELIFECYCLE
18 error angular2-quickstart@1.0.0 lite: `lite-server`
18 error Exit status 1
19 error Failed at the angular2-quickstart@1.0.0 lite script 'lite-server'.
19 error This is most likely a problem with the angular2-quickstart package,
19 error not with npm itself.
19 error Tell the author that this fails on your system:
19 error     lite-server
19 error You can get their info via:
19 error     npm owner ls angular2-quickstart
19 error There is likely additional logging output above.
20 verbose exit [ 1, true ]
